app/build/intermediates/manifest_merge_blame_file/debug/processDebugMainManifest/manifest-merger-blame-debug-report.txt
1<?xml version="1.0" encoding="utf-8"?>
2<manifest xmlns:android="http://schemas.android.com/apk/res/android"
3    package="com.wealthguardian.app"
4    android:versionCode="1"
5    android:versionName="1.0" >
6
7    <uses-sdk
8        android:minSdkVersion="24"
9        android:targetSdkVersion="34" />
10
11    <uses-permission android:name="android.permission.INTERNET" />
11-->src\main\AndroidManifest.xml:3:5-66
11-->src\main\AndroidManifest.xml:3:22-64
12    <uses-permission
12-->src\main\AndroidManifest.xml:4:5-106
13        android:name="android.permission.READ_EXTERNAL_STORAGE"
13-->src\main\AndroidManifest.xml:4:22-77
14        android:maxSdkVersion="32" />
14-->src\main\AndroidManifest.xml:4:78-104
15    <uses-permission android:name="android.permission.READ_MEDIA_IMAGES" />
15-->src\main\AndroidManifest.xml:5:5-75
15-->src\main\AndroidManifest.xml:5:22-73
16    <uses-permission android:name="android.permission.READ_MEDIA_DOCUMENTS" />
16-->src\main\AndroidManifest.xml:6:5-78
16-->src\main\AndroidManifest.xml:6:22-76
17
18    <permission
18-->[androidx.core:core:1.12.0] AndroidManifest.xml:22:5-24:47
19        android:name="com.wealthguardian.app.DYNAMIC_RECEIVER_NOT_EXPORTED_PERMISSION"
19-->[androidx.core:core:1.12.0] AndroidManifest.xml:23:9-81
20        android:protectionLevel="signature" />
20-->[androidx.core:core:1.12.0] AndroidManifest.xml:24:9-44
21
22    <uses-permission android:name="com.wealthguardian.app.DYNAMIC_RECEIVER_NOT_EXPORTED_PERMISSION" />
22-->[androidx.core:core:1.12.0] AndroidManifest.xml:26:5-97
22-->[androidx.core:core:1.12.0] AndroidManifest.xml:26:22-94
23
24    <application
24-->src\main\AndroidManifest.xml:8:5-40:19
25        android:name="com.wealthguardian.app.WealthGuardianApp"
25-->src\main\AndroidManifest.xml:15:9-42
26        android:allowBackup="true"
26-->src\main\AndroidManifest.xml:9:9-35
27        android:appComponentFactory="androidx.core.app.CoreComponentFactory"
27-->[androidx.core:core:1.12.0] AndroidManifest.xml:28:18-86
28        android:debuggable="true"
29        android:extractNativeLibs="false"
30        android:icon="@mipmap/ic_launcher"
30-->src\main\AndroidManifest.xml:10:9-43
31        android:label="@string/app_name"
31-->src\main\AndroidManifest.xml:11:9-41
32        android:roundIcon="@mipmap/ic_launcher_round"
32-->src\main\AndroidManifest.xml:12:9-54
33        android:supportsRtl="true"
33-->src\main\AndroidManifest.xml:13:9-35
34        android:theme="@style/Theme.WealthGuardian" >
34-->src\main\AndroidManifest.xml:14:9-52
35        <activity
35-->src\main\AndroidManifest.xml:17:9-23:20
36            android:name="com.wealthguardian.app.ui.onboarding.SplashActivity"
36-->src\main\AndroidManifest.xml:17:19-63
37            android:exported="true"
37-->src\main\AndroidManifest.xml:17:64-87
38            android:theme="@style/Theme.WealthGuardian.Splash" >
38-->src\main\AndroidManifest.xml:18:13-63
39            <intent-filter>
39-->src\main\AndroidManifest.xml:19:13-22:29
40                <action android:name="android.intent.action.MAIN" />
40-->src\main\AndroidManifest.xml:20:17-68
40-->src\main\AndroidManifest.xml:20:25-66
41
42                <category android:name="android.intent.category.LAUNCHER" />
42-->src\main\AndroidManifest.xml:21:17-76
42-->src\main\AndroidManifest.xml:21:27-74
43            </intent-filter>
44        </activity>
45        <activity
45-->src\main\AndroidManifest.xml:24:9-94
46            android:name="com.wealthguardian.app.ui.onboarding.OnboardingActivity"
46-->src\main\AndroidManifest.xml:24:19-67
47            android:exported="false" />
47-->src\main\AndroidManifest.xml:24:68-92
48        <activity
48-->src\main\AndroidManifest.xml:25:9-26:57
49            android:name="com.wealthguardian.app.ui.MainActivity"
49-->src\main\AndroidManifest.xml:25:19-50
50            android:exported="false"
50-->src\main\AndroidManifest.xml:25:51-75
51            android:windowSoftInputMode="adjustResize" />
51-->src\main\AndroidManifest.xml:26:13-55
52        <activity
52-->src\main\AndroidManifest.xml:27:9-29:60
53            android:name="com.wealthguardian.app.ui.insights.InsightDetailActivity"
53-->src\main\AndroidManifest.xml:27:19-68
54            android:exported="false"
54-->src\main\AndroidManifest.xml:27:69-93
55            android:parentActivityName="com.wealthguardian.app.ui.MainActivity"
55-->src\main\AndroidManifest.xml:29:13-58
56            android:windowSoftInputMode="adjustResize" />
56-->src\main\AndroidManifest.xml:28:13-55
57
58        <provider
59            android:name="androidx.core.content.FileProvider"
59-->src\main\AndroidManifest.xml:32:13-62
60            android:authorities="com.wealthguardian.app.fileprovider"
60-->src\main\AndroidManifest.xml:33:13-64
61            android:exported="false"
61-->src\main\AndroidManifest.xml:34:13-37
62            android:grantUriPermissions="true" >
62-->src\main\AndroidManifest.xml:35:13-47
63            <meta-data
63-->src\main\AndroidManifest.xml:36:13-38:53
64                android:name="android.support.FILE_PROVIDER_PATHS"
64-->src\main\AndroidManifest.xml:37:17-67
65                android:resource="@xml/file_paths" />
65-->src\main\AndroidManifest.xml:38:17-51
66        </provider>
67        <provider
67-->[androidx.emoji2:emoji2:1.2.0] AndroidManifest.xml:24:9-32:20
68            android:name="androidx.startup.InitializationProvider"
68-->[androidx.emoji2:emoji2:1.2.0] AndroidManifest.xml:25:13-67
69            android:authorities="com.wealthguardian.app.androidx-startup"
69-->[androidx.emoji2:emoji2:1.2.0] AndroidManifest.xml:26:13-68
70            android:exported="false" >
70-->[androidx.emoji2:emoji2:1.2.0] AndroidManifest.xml:27:13-37
71            <meta-data
71-->[androidx.emoji2:emoji2:1.2.0] AndroidManifest.xml:29:13-31:52
72                android:name="androidx.emoji2.text.EmojiCompatInitializer"
72-->[androidx.emoji2:emoji2:1.2.0] AndroidManifest.xml:30:17-75
73                android:value="androidx.startup" />
73-->[androidx.emoji2:emoji2:1.2.0] AndroidManifest.xml:31:17-49
74            <meta-data
74-->[androidx.lifecycle:lifecycle-process:2.6.2] AndroidManifest.xml:29:13-31:52
75                android:name="androidx.lifecycle.ProcessLifecycleInitializer"
75-->[androidx.lifecycle:lifecycle-process:2.6.2] AndroidManifest.xml:30:17-78
76                android:value="androidx.startup" />
76-->[androidx.lifecycle:lifecycle-process:2.6.2] AndroidManifest.xml:31:17-49
77            <meta-data
77-->[androidx.profileinstaller:profileinstaller:1.3.0] AndroidManifest.xml:29:13-31:52
78                android:name="androidx.profileinstaller.ProfileInstallerInitializer"
78-->[androidx.profileinstaller:profileinstaller:1.3.0] AndroidManifest.xml:30:17-85
79                android:value="androidx.startup" />
79-->[androidx.profileinstaller:profileinstaller:1.3.0] AndroidManifest.xml:31:17-49
80        </provider>
81
82        <uses-library
82-->[androidx.window:window:1.0.0] AndroidManifest.xml:25:9-27:40
83            android:name="androidx.window.extensions"
83-->[androidx.window:window:1.0.0] AndroidManifest.xml:26:13-54
84            android:required="false" />
84-->[androidx.window:window:1.0.0] AndroidManifest.xml:27:13-37
85        <uses-library
85-->[androidx.window:window:1.0.0] AndroidManifest.xml:28:9-30:40
86            android:name="androidx.window.sidecar"
86-->[androidx.window:window:1.0.0] AndroidManifest.xml:29:13-51
87            android:required="false" />
87-->[androidx.window:window:1.0.0] AndroidManifest.xml:30:13-37
88
89        <service
89-->[androidx.room:room-runtime:2.6.1] AndroidManifest.xml:24:9-28:63
90            android:name="androidx.room.MultiInstanceInvalidationService"
90-->[androidx.room:room-runtime:2.6.1] AndroidManifest.xml:25:13-74
91            android:directBootAware="true"
91-->[androidx.room:room-runtime:2.6.1] AndroidManifest.xml:26:13-43
92            android:exported="false" />
92-->[androidx.room:room-runtime:2.6.1] AndroidManifest.xml:27:13-37
93
94        <receiver
94-->[androidx.profileinstaller:profileinstaller:1.3.0] AndroidManifest.xml:34:9-52:20
95            android:name="androidx.profileinstaller.ProfileInstallReceiver"
95-->[androidx.profileinstaller:profileinstaller:1.3.0] AndroidManifest.xml:35:13-76
96            android:directBootAware="false"
96-->[androidx.profileinstaller:profileinstaller:1.3.0] AndroidManifest.xml:36:13-44
97            android:enabled="true"
97-->[androidx.profileinstaller:profileinstaller:1.3.0] AndroidManifest.xml:37:13-35
98            android:exported="true"
98-->[androidx.profileinstaller:profileinstaller:1.3.0] AndroidManifest.xml:38:13-36
99            android:permission="android.permission.DUMP" >
99-->[androidx.profileinstaller:profileinstaller:1.3.0] AndroidManifest.xml:39:13-57
100            <intent-filter>
100-->[androidx.profileinstaller:profileinstaller:1.3.0] AndroidManifest.xml:40:13-42:29
101                <action android:name="androidx.profileinstaller.action.INSTALL_PROFILE" />
101-->[androidx.profileinstaller:profileinstaller:1.3.0] AndroidManifest.xml:41:17-91
101-->[androidx.profileinstaller:profileinstaller:1.3.0] AndroidManifest.xml:41:25-88
102            </intent-filter>
103            <intent-filter>
103-->[androidx.profileinstaller:profileinstaller:1.3.0] AndroidManifest.xml:43:13-45:29
104                <action android:name="androidx.profileinstaller.action.SKIP_FILE" />
104-->[androidx.profileinstaller:profileinstaller:1.3.0] AndroidManifest.xml:44:17-85
104-->[androidx.profileinstaller:profileinstaller:1.3.0] AndroidManifest.xml:44:25-82
105            </intent-filter>
106            <intent-filter>
106-->[androidx.profileinstaller:profileinstaller:1.3.0] AndroidManifest.xml:46:13-48:29
107                <action android:name="androidx.profileinstaller.action.SAVE_PROFILE" />
107-->[androidx.profileinstaller:profileinstaller:1.3.0] AndroidManifest.xml:47:17-88
107-->[androidx.profileinstaller:profileinstaller:1.3.0] AndroidManifest.xml:47:25-85
108            </intent-filter>
109            <intent-filter>
109-->[androidx.profileinstaller:profileinstaller:1.3.0] AndroidManifest.xml:49:13-51:29
110                <action android:name="androidx.profileinstaller.action.BENCHMARK_OPERATION" />
110-->[androidx.profileinstaller:profileinstaller:1.3.0] AndroidManifest.xml:50:17-95
110-->[androidx.profileinstaller:profileinstaller:1.3.0] AndroidManifest.xml:50:25-92
111            </intent-filter>
112        </receiver>
113    </application>
114
115</manifest>